2026-06-22 13:08:18 - main - INFO - Initializing JJ Application...
2026-06-22 13:08:18 - main - INFO - Setting up Phase 1 components...
2026-06-22 13:08:18 - main - WARNING - GROQ_API_KEY not set in environment
2026-06-22 13:08:18 - main - INFO - Initializing AudioEngine...
2026-06-22 13:08:18 - main - INFO - Initializing SpeechRecognizer (Whisper)...
2026-06-22 13:09:21 - main - INFO - Initializing TextSynthesizer (pyttsx3)...
2026-06-22 13:09:22 - main - ERROR - Cannot initialize GroqClient without API key
2026-06-22 13:09:22 - main - INFO - Initializing PromptBuilder...
2026-06-22 13:09:22 - main - INFO - All components initialized successfully!
2026-06-22 13:13:56 - src.main - INFO - Initializing JJ Application...
2026-06-22 13:13:56 - src.main - INFO - Setting up Phase 1 components...
2026-06-22 13:13:56 - src.main - WARNING - GROQ_API_KEY not set in environment
2026-06-22 13:13:56 - src.main - INFO - Initializing AudioEngine...
2026-06-22 13:13:56 - src.main - INFO - Initializing SpeechRecognizer (Whisper)...
2026-06-22 13:13:56 - src.main - INFO - Initializing TextSynthesizer (pyttsx3)...
2026-06-22 13:13:56 - src.main - ERROR - Cannot initialize GroqClient without API key
2026-06-22 13:13:56 - src.main - INFO - Initializing PromptBuilder...
2026-06-22 13:13:56 - src.main - INFO - All components initialized successfully!
2026-06-22 13:15:04 - src.main - INFO - Initializing JJ Application...
2026-06-22 13:15:04 - src.main - INFO - Setting up Phase 1 components...
2026-06-22 13:15:04 - src.main - WARNING - GROQ_API_KEY not set in environment
2026-06-22 13:15:04 - src.main - INFO - Initializing AudioEngine...
2026-06-22 13:15:04 - src.main - INFO - Initializing SpeechRecognizer (Whisper)...
2026-06-22 13:15:04 - src.main - INFO - Initializing TextSynthesizer (pyttsx3)...
2026-06-22 13:15:05 - src.main - ERROR - Cannot initialize GroqClient without API key
2026-06-22 13:15:05 - src.main - INFO - Initializing PromptBuilder...
2026-06-22 13:15:05 - src.main - INFO - All components initialized successfully!
2026-06-22 13:19:58 - src.main - INFO - Initializing JJ Application...
2026-06-22 13:19:58 - src.main - INFO - Setting up Phase 1 components...
2026-06-22 13:19:58 - src.main - WARNING - GROQ_API_KEY not set in environment
2026-06-22 13:19:58 - src.main - INFO - Initializing AudioEngine...
2026-06-22 13:19:58 - src.main - INFO - Initializing SpeechRecognizer (Whisper)...
2026-06-22 13:19:59 - src.main - INFO - Initializing TextSynthesizer (pyttsx3)...
2026-06-22 13:19:59 - src.main - ERROR - Cannot initialize GroqClient without API key
2026-06-22 13:19:59 - src.main - INFO - Initializing PromptBuilder...
2026-06-22 13:19:59 - src.main - INFO - All components initialized successfully!
